SF:lib/exceptions.dart
DA:4,0
DA:10,0
LF:2
LH:0
end_of_record
SF:lib/model/base.dart
DA:4,0
LF:1
LH:0
end_of_record
SF:lib/model/element_survey.dart
DA:14,2
DA:16,4
DA:17,4
DA:18,2
DA:20,4
DA:21,4
DA:22,2
DA:24,2
DA:25,4
DA:28,2
DA:29,4
DA:32,0
DA:36,2
DA:37,4
DA:38,2
DA:39,2
DA:40,2
DA:41,2
DA:42,2
DA:43,2
DA:44,2
DA:45,1
DA:46,1
DA:48,0
DA:50,2
DA:53,2
DA:54,4
DA:55,2
DA:56,2
LF:29
LH:27
end_of_record
SF:lib/model/panel.dart
DA:10,4
DA:11,4
DA:12,4
DA:13,4
DA:15,4
DA:16,4
DA:33,2
DA:34,4
DA:35,4
DA:36,4
DA:37,4
DA:38,4
DA:39,4
DA:40,4
DA:41,4
DA:42,4
DA:44,2
DA:45,4
DA:50,1
DA:55,4
DA:58,0
DA:60,0
LF:22
LH:20
end_of_record
SF:lib/model/question_dropdown.dart
DA:9,2
DA:10,2
DA:11,2
DA:12,2
DA:13,2
DA:14,2
LF:6
LH:6
end_of_record
SF:lib/model/question.dart
DA:45,2
DA:46,2
DA:49,2
DA:52,4
DA:53,4
DA:54,4
DA:55,4
DA:56,4
DA:57,4
DA:58,4
DA:59,4
DA:60,4
DA:61,4
DA:62,4
DA:63,4
DA:64,4
DA:65,4
DA:66,4
DA:67,4
DA:68,4
DA:69,4
DA:72,4
DA:73,4
DA:74,4
DA:75,4
DA:76,4
DA:77,4
DA:78,4
DA:79,4
DA:80,4
DA:81,4
DA:84,4
DA:85,4
DA:86,4
DA:87,4
DA:89,4
DA:90,4
DA:91,4
DA:93,2
DA:94,6
DA:95,2
DA:97,2
DA:99,0
DA:104,1
DA:109,4
DA:112,0
DA:114,0
DA:118,12
LF:48
LH:45
end_of_record
SF:lib/model/question_checkbox.dart
DA:12,4
DA:13,4
DA:14,4
DA:16,4
DA:17,4
LF:5
LH:5
end_of_record
SF:lib/model/question_radio.dart
DA:6,4
DA:7,4
LF:2
LH:2
end_of_record
SF:lib/model/question_text.dart
DA:10,4
DA:11,6
DA:12,4
DA:13,4
DA:14,4
DA:17,2
DA:19,2
DA:21,2
DA:23,2
DA:25,2
DA:27,2
DA:29,2
DA:31,2
DA:33,2
DA:35,2
DA:37,2
DA:39,2
DA:41,2
DA:43,2
DA:45,2
DA:53,4
DA:54,2
DA:55,2
DA:56,2
DA:57,2
DA:58,2
DA:59,2
DA:60,2
DA:61,2
DA:62,2
DA:63,2
DA:64,2
DA:65,2
DA:66,2
DA:67,2
LF:35
LH:35
end_of_record
SF:lib/model/page.dart
DA:13,2
DA:14,4
DA:15,4
DA:16,4
DA:18,4
DA:19,4
DA:20,4
DA:22,4
DA:23,4
DA:25,4
DA:26,4
DA:27,4
DA:28,2
DA:29,4
DA:30,6
DA:31,2
DA:32,4
DA:34,6
DA:37,2
DA:39,2
DA:41,2
DA:43,2
DA:50,2
DA:53,2
DA:55,2
DA:57,1
DA:59,1
DA:61,1
DA:68,2
DA:70,2
DA:72,2
DA:74,2
DA:81,1
DA:86,4
DA:89,0
DA:91,0
DA:95,10
DA:96,10
DA:97,14
LF:39
LH:37
end_of_record
SF:lib/model/survey.dart
DA:73,2
DA:74,4
DA:75,4
DA:76,4
DA:77,4
DA:78,4
DA:79,4
DA:80,4
DA:81,4
DA:82,4
DA:83,4
DA:84,4
DA:85,4
DA:86,4
DA:87,4
DA:88,4
DA:89,4
DA:90,4
DA:91,4
DA:92,4
DA:93,4
DA:94,4
DA:96,4
DA:97,4
DA:98,4
DA:99,4
DA:100,4
DA:101,4
DA:102,4
DA:103,4
DA:104,4
DA:105,4
DA:106,4
DA:107,4
DA:108,4
DA:109,4
DA:111,4
DA:112,4
DA:113,4
DA:114,4
DA:115,4
DA:116,4
DA:117,4
DA:118,4
DA:120,6
DA:121,2
DA:122,4
DA:123,6
DA:124,6
DA:125,2
DA:126,4
DA:127,6
DA:128,6
DA:129,6
DA:130,6
DA:133,2
DA:135,2
DA:137,2
DA:139,2
DA:141,2
DA:143,2
DA:150,2
DA:152,2
DA:154,2
DA:156,2
DA:163,2
DA:165,2
DA:167,2
DA:169,2
DA:171,2
DA:178,2
DA:180,2
DA:182,2
DA:184,1
DA:191,2
DA:193,2
DA:195,2
DA:197,2
DA:199,2
DA:206,2
DA:208,2
DA:210,2
DA:212,2
DA:219,2
DA:221,2
DA:223,2
DA:230,2
DA:232,2
DA:234,2
DA:241,2
DA:243,2
DA:245,2
DA:247,2
DA:257,8
DA:258,8
DA:259,10
DA:260,10
DA:261,8
DA:262,12
DA:263,10
DA:264,10
DA:265,12
DA:266,10
DA:267,14
DA:280,2
DA:281,6
DA:282,4
DA:283,4
DA:284,4
DA:285,4
DA:286,4
DA:287,4
DA:288,4
DA:289,4
DA:290,4
DA:291,4
DA:294,2
DA:296,2
DA:298,1
DA:300,1
DA:302,1
DA:304,1
DA:306,0
DA:314,16
LF:124
LH:123
end_of_record
SF:lib/model/question_select_base.dart
DA:18,4
DA:19,4
DA:20,4
DA:21,4
DA:22,4
DA:23,4
DA:24,4
DA:26,4
DA:28,6
DA:31,2
DA:33,2
DA:35,2
DA:37,2
DA:39,2
DA:50,4
DA:51,4
DA:55,12
LF:17
LH:17
end_of_record
SF:lib/survey_js_core.dart
DA:7,2
DA:8,2
DA:9,4
DA:13,2
DA:14,6
DA:15,2
DA:17,2
LF:7
LH:7
end_of_record
SF:lib/survey_validator.dart
DA:9,1
DA:11,2
DA:13,3
DA:15,3
DA:16,1
DA:19,1
DA:21,2
DA:24,2
DA:25,2
DA:26,2
DA:29,1
DA:32,1
DA:33,1
DA:35,2
DA:36,1
DA:39,1
DA:43,0
DA:44,0
DA:45,0
DA:49,1
DA:52,1
DA:54,0
DA:55,1
DA:58,0
DA:62,1
DA:63,3
DA:64,2
DA:68,1
DA:72,1
DA:74,0
DA:75,1
DA:78,0
DA:81,1
DA:82,3
DA:83,2
DA:87,1
DA:94,1
DA:97,3
DA:98,1
DA:99,1
DA:100,3
DA:101,0
DA:102,2
DA:103,2
DA:104,4
DA:106,1
DA:107,0
DA:108,0
DA:109,0
DA:112,1
DA:113,1
DA:114,0
DA:115,0
DA:116,0
DA:117,0
DA:120,1
DA:121,3
DA:122,0
DA:123,0
DA:124,0
DA:127,1
DA:128,1
DA:129,1
DA:130,1
DA:131,2
DA:132,4
DA:136,0
DA:140,0
DA:146,1
DA:150,1
DA:152,2
DA:154,2
DA:155,3
DA:157,3
DA:160,0
DA:169,1
DA:171,1
DA:173,1
DA:174,7
DA:177,0
DA:178,0
LF:81
LH:58
end_of_record
